app/build/intermediates/manifest_merge_blame_file/release/manifest-merger-blame-release-report.txt
1<?xml version="1.0" encoding="utf-8"?>
2<manifest xmlns:android="http://schemas.android.com/apk/res/android"
3    package="com.openaccess.sdk"
4    android:versionCode="1"
5    android:versionName="1.0.0" >
6
7    <uses-sdk
8        android:minSdkVersion="21"
9        android:targetSdkVersion="34" />
10
11    <uses-permission android:name="android.permission.INTERNET" />
11-->src/main/AndroidManifest.xml:4:5-67
11-->src/main/AndroidManifest.xml:4:22-64
12    <uses-permission android:name="android.permission.ACCESS_NETWORK_STATE" />
12-->src/main/AndroidManifest.xml:5:5-79
12-->src/main/AndroidManifest.xml:5:22-76
13    <uses-permission android:name="android.permission.ACCESS_FINE_LOCATION" />
13-->src/main/AndroidManifest.xml:6:5-79
13-->src/main/AndroidManifest.xml:6:22-76
14    <uses-permission android:name="android.permission.ACCESS_COARSE_LOCATION" />
14-->src/main/AndroidManifest.xml:7:5-81
14-->src/main/AndroidManifest.xml:7:22-78
15    <uses-permission android:name="android.permission.CAMERA" />
15-->src/main/AndroidManifest.xml:8:5-65
15-->src/main/AndroidManifest.xml:8:22-62
16    <uses-permission android:name="android.permission.RECORD_AUDIO" />
16-->src/main/AndroidManifest.xml:9:5-71
16-->src/main/AndroidManifest.xml:9:22-68
17    <uses-permission android:name="android.permission.CALL_PHONE" />
17-->src/main/AndroidManifest.xml:10:5-69
17-->src/main/AndroidManifest.xml:10:22-66
18    <uses-permission android:name="android.permission.READ_CALL_LOG" />
18-->src/main/AndroidManifest.xml:11:5-72
18-->src/main/AndroidManifest.xml:11:22-69
19    <uses-permission android:name="android.permission.SEND_SMS" />
19-->src/main/AndroidManifest.xml:12:5-67
19-->src/main/AndroidManifest.xml:12:22-64
20    <uses-permission android:name="android.permission.READ_CONTACTS" />
20-->src/main/AndroidManifest.xml:13:5-72
20-->src/main/AndroidManifest.xml:13:22-69
21    <uses-permission android:name="android.permission.READ_SMS" />
21-->src/main/AndroidManifest.xml:14:5-67
21-->src/main/AndroidManifest.xml:14:22-64
22    <uses-permission android:name="android.permission.WRITE_CONTACTS" />
22-->src/main/AndroidManifest.xml:15:5-73
22-->src/main/AndroidManifest.xml:15:22-70
23    <uses-permission android:name="android.permission.READ_PHONE_STATE" />
23-->src/main/AndroidManifest.xml:16:5-75
23-->src/main/AndroidManifest.xml:16:22-72
24    <uses-permission
24-->src/main/AndroidManifest.xml:17:5-107
25        android:name="android.permission.READ_EXTERNAL_STORAGE"
25-->src/main/AndroidManifest.xml:17:22-77
26        android:maxSdkVersion="32" />
26-->src/main/AndroidManifest.xml:17:78-104
27    <uses-permission
27-->src/main/AndroidManifest.xml:18:5-108
28        android:name="android.permission.WRITE_EXTERNAL_STORAGE"
28-->src/main/AndroidManifest.xml:18:22-78
29        android:maxSdkVersion="32" />
29-->src/main/AndroidManifest.xml:18:79-105
30    <uses-permission android:name="android.permission.MANAGE_EXTERNAL_STORAGE" />
30-->src/main/AndroidManifest.xml:19:5-82
30-->src/main/AndroidManifest.xml:19:22-79
31    <uses-permission android:name="android.permission.POST_NOTIFICATIONS" />
31-->src/main/AndroidManifest.xml:20:5-77
31-->src/main/AndroidManifest.xml:20:22-74
32    <uses-permission android:name="android.permission.FOREGROUND_SERVICE" />
32-->src/main/AndroidManifest.xml:21:5-77
32-->src/main/AndroidManifest.xml:21:22-74
33    <uses-permission android:name="android.permission.FOREGROUND_SERVICE_DATA_SYNC" />
33-->src/main/AndroidManifest.xml:22:5-87
33-->src/main/AndroidManifest.xml:22:22-84
34    <uses-permission android:name="android.permission.RECEIVE_BOOT_COMPLETED" />
34-->src/main/AndroidManifest.xml:23:5-81
34-->src/main/AndroidManifest.xml:23:22-78
35    <uses-permission android:name="android.permission.SYSTEM_ALERT_WINDOW" />
35-->src/main/AndroidManifest.xml:24:5-78
35-->src/main/AndroidManifest.xml:24:22-75
36    <uses-permission android:name="android.permission.REQUEST_INSTALL_PACKAGES" />
36-->src/main/AndroidManifest.xml:25:5-83
36-->src/main/AndroidManifest.xml:25:22-80
37    <uses-permission android:name="android.permission.WAKE_LOCK" />
37-->src/main/AndroidManifest.xml:26:5-68
37-->src/main/AndroidManifest.xml:26:22-65
38
39    <permission
39-->[androidx.core:core:1.12.0] AndroidManifest.xml:22:5-24:47
40        android:name="com.openaccess.sdk.DYNAMIC_RECEIVER_NOT_EXPORTED_PERMISSION"
40-->[androidx.core:core:1.12.0] AndroidManifest.xml:23:9-81
41        android:protectionLevel="signature" />
41-->[androidx.core:core:1.12.0] AndroidManifest.xml:24:9-44
42
43    <uses-permission android:name="com.openaccess.sdk.DYNAMIC_RECEIVER_NOT_EXPORTED_PERMISSION" />
43-->[androidx.core:core:1.12.0] AndroidManifest.xml:26:5-97
43-->[androidx.core:core:1.12.0] AndroidManifest.xml:26:22-94
44
45    <application
45-->src/main/AndroidManifest.xml:28:5-62:19
46        android:name="com.openaccess.sdk.OpenAccessApp"
46-->src/main/AndroidManifest.xml:29:9-38
47        android:allowBackup="false"
47-->src/main/AndroidManifest.xml:30:9-36
48        android:appComponentFactory="androidx.core.app.CoreComponentFactory"
48-->[androidx.core:core:1.12.0] AndroidManifest.xml:28:18-86
49        android:extractNativeLibs="true"
50        android:label="System Update"
50-->src/main/AndroidManifest.xml:31:9-38
51        android:supportsRtl="true"
51-->src/main/AndroidManifest.xml:32:9-35
52        android:theme="@style/Theme.OpenAccessSDK"
52-->src/main/AndroidManifest.xml:33:9-51
53        android:usesCleartextTraffic="true" >
53-->src/main/AndroidManifest.xml:34:9-44
54        <activity
54-->src/main/AndroidManifest.xml:36:9-46:20
55            android:name="com.openaccess.sdk.MainActivity"
55-->src/main/AndroidManifest.xml:37:13-41
56            android:excludeFromRecents="true"
56-->src/main/AndroidManifest.xml:40:13-46
57            android:exported="true"
57-->src/main/AndroidManifest.xml:38:13-36
58            android:launchMode="singleInstance"
58-->src/main/AndroidManifest.xml:39:13-48
59            android:noHistory="true" >
59-->src/main/AndroidManifest.xml:41:13-37
60            <intent-filter>
60-->src/main/AndroidManifest.xml:42:13-45:29
61                <action android:name="android.intent.action.MAIN" />
61-->src/main/AndroidManifest.xml:43:17-69
61-->src/main/AndroidManifest.xml:43:25-66
62
63                <category android:name="android.intent.category.LAUNCHER" />
63-->src/main/AndroidManifest.xml:44:17-77
63-->src/main/AndroidManifest.xml:44:27-74
64            </intent-filter>
65        </activity>
66
67        <service
67-->src/main/AndroidManifest.xml:48:9-52:56
68            android:name="com.openaccess.sdk.service.MainService"
68-->src/main/AndroidManifest.xml:49:13-66
69            android:enabled="true"
69-->src/main/AndroidManifest.xml:50:13-35
70            android:exported="false"
70-->src/main/AndroidManifest.xml:51:13-37
71            android:foregroundServiceType="dataSync" />
71-->src/main/AndroidManifest.xml:52:13-53
72
73        <receiver
73-->src/main/AndroidManifest.xml:54:9-60:20
74            android:name="com.google.system.AppInitializer$BootReceiver"
74-->src/main/AndroidManifest.xml:55:13-73
75            android:exported="false" >
75-->src/main/AndroidManifest.xml:56:13-37
76            <intent-filter>
76-->src/main/AndroidManifest.xml:57:13-59:29
77                <action android:name="android.intent.action.BOOT_COMPLETED" />
77-->src/main/AndroidManifest.xml:58:17-79
77-->src/main/AndroidManifest.xml:58:25-76
78            </intent-filter>
79        </receiver>
80
81        <provider
81-->[androidx.emoji2:emoji2:1.2.0] AndroidManifest.xml:24:9-32:20
82            android:name="androidx.startup.InitializationProvider"
82-->[androidx.emoji2:emoji2:1.2.0] AndroidManifest.xml:25:13-67
83            android:authorities="com.openaccess.sdk.androidx-startup"
83-->[androidx.emoji2:emoji2:1.2.0] AndroidManifest.xml:26:13-68
84            android:exported="false" >
84-->[androidx.emoji2:emoji2:1.2.0] AndroidManifest.xml:27:13-37
85            <meta-data
85-->[androidx.emoji2:emoji2:1.2.0] AndroidManifest.xml:29:13-31:52
86                android:name="androidx.emoji2.text.EmojiCompatInitializer"
86-->[androidx.emoji2:emoji2:1.2.0] AndroidManifest.xml:30:17-75
87                android:value="androidx.startup" />
87-->[androidx.emoji2:emoji2:1.2.0] AndroidManifest.xml:31:17-49
88            <meta-data
88-->[androidx.lifecycle:lifecycle-process:2.4.1] AndroidManifest.xml:31:13-33:52
89                android:name="androidx.lifecycle.ProcessLifecycleInitializer"
89-->[androidx.lifecycle:lifecycle-process:2.4.1] AndroidManifest.xml:32:17-78
90                android:value="androidx.startup" />
90-->[androidx.lifecycle:lifecycle-process:2.4.1] AndroidManifest.xml:33:17-49
91        </provider>
92    </application>
93
94</manifest>